<?xml version="1.0" encoding="UTF-8"?>
<testng-results skipped="0" failed="0" ignored="0" total="1" passed="1">
  <reporter-output>
  </reporter-output>
  <suite name="Default suite" duration-ms="41360" started-at="2018-12-03T08:55:27Z" finished-at="2018-12-03T08:56:09Z">
    <groups>
    </groups>
    <test name="Default test" duration-ms="41360" started-at="2018-12-03T08:55:27Z" finished-at="2018-12-03T08:56:09Z">
      <class name="com.jbk.test.Test1">
        <test-method status="PASS" signature="setUp()[pri:0, instance:com.jbk.test.Test1@51efea79]" name="setUp" is-config="true" duration-ms="39205" started-at="2018-12-03T14:25:27Z" finished-at="2018-12-03T14:26:07Z">
          <reporter-output>
          </reporter-output>
        </test-method> <!-- setUp -->
        <test-method status="PASS" signature="pageTitleTest()[pri:1, instance:com.jbk.test.Test1@51efea79]" name="pageTitleTest" duration-ms="70" started-at="2018-12-03T14:26:07Z" finished-at="2018-12-03T14:26:07Z">
          <reporter-output>
          </reporter-output>
        </test-method> <!-- pageTitleTest -->
        <test-method status="PASS" signature="tearDown()[pri:0, instance:com.jbk.test.Test1@51efea79]" name="tearDown" is-config="true" duration-ms="2038" started-at="2018-12-03T14:26:07Z" finished-at="2018-12-03T14:26:09Z">
          <reporter-output>
          </reporter-output>
        </test-method> <!-- tearDown -->
      </class> <!-- com.jbk.test.Test1 -->
    </test> <!-- Default test -->
  </suite> <!-- Default suite -->
</testng-results>
